#
# There is insufficient memory for the Java Runtime Environment to continue.
# Native memory allocation (malloc) failed to allocate 2097152 bytes for AllocateHeap
# Possible reasons:
#   The system is out of physical RAM or swap space
#   The process is running with CompressedOops enabled, and the Java Heap may be blocking the growth of the native heap
# Possible solutions:
#   Reduce memory load on the system
#   Increase physical memory or swap space
#   Check if swap backing store is full
#   Decrease Java heap size (-Xmx/-Xms)
#   Decrease number of Java threads
#   Decrease Java thread stack sizes (-Xss)
#   Set larger code cache with -XX:ReservedCodeCacheSize=
#   JVM is running with Unscaled Compressed Oops mode in which the Java heap is
#     placed in the first 4GB address space. The Java Heap base address is the
#     maximum limit for the native heap growth. Please use -XX:HeapBaseMinAddress
#     to set the Java Heap base and to place the Java Heap above 4GB virtual address.
# This output file may be truncated or incomplete.
#
#  Out of Memory Error (allocation.cpp:44), pid=11044, tid=6540
#
# JRE version: OpenJDK Runtime Environment Temurin-17.0.7+7 (17.0.7+7) (build 17.0.7+7)
# Java VM: OpenJDK 64-Bit Server VM Temurin-17.0.7+7 (17.0.7+7, mixed mode, emulated-client, tiered, compressed oops, compressed class ptrs, g1 gc, windows-amd64)
# No core dump will be written. Minidumps are not enabled by default on client versions of Windows
#

---------------  S U M M A R Y ------------

Command Line: -XX:+HeapDumpOnOutOfMemoryError -Xmx1024m -Dsts.lsp.client=vscode -Dsts.log.file=/dev/null -XX:TieredStopAtLevel=1 -Xlog:jni+resolve=off -Dspring.config.location=file:c:\Users\Luis\.vscode\extensions\vmware.vscode-spring-boot-1.47.0\language-server\BOOT-INF\classes\application.properties org.springframework.ide.vscode.boot.app.BootLanguageServerBootApp

Host: Intel(R) Core(TM) i5-10210U CPU @ 1.60GHz, 8 cores, 7G,  Windows 10 , 64 bit Build 19041 (10.0.19041.2913)
Time: Sun Jun 25 15:37:28 2023 Hora estándar central (México) elapsed time: 660.838447 seconds (0d 0h 11m 0s)

---------------  T H R E A D  ---------------

Current thread (0x000001f0df34e690):  VMThread "VM Thread" [stack: 0x0000002a7e600000,0x0000002a7e700000] [id=6540]

Stack: [0x0000002a7e600000,0x0000002a7e700000]
Native frames: (J=compiled Java code, j=interpreted, Vv=VM code, C=native code)
V  [jvm.dll+0x67754a]
V  [jvm.dll+0x834304]
V  [jvm.dll+0x835aae]
V  [jvm.dll+0x836113]
V  [jvm.dll+0x24696f]
V  [jvm.dll+0xa681f]
V  [jvm.dll+0x2f7481]
V  [jvm.dll+0x2f30f0]
V  [jvm.dll+0x2db6c7]
V  [jvm.dll+0x31e777]
V  [jvm.dll+0x83a5bb]
V  [jvm.dll+0x83b2f4]
V  [jvm.dll+0x83b80c]
V  [jvm.dll+0x83bbe4]
V  [jvm.dll+0x83bcb0]
V  [jvm.dll+0x7e4e7a]
V  [jvm.dll+0x676395]
C  [ucrtbase.dll+0x21bb2]
C  [KERNEL32.DLL+0x17614]
C  [ntdll.dll+0x526a1]

VM_Operation (0x0000002a7fbff040): G1CollectFull, mode: safepoint, requested by thread 0x000001f0e49de6a0


---------------  P R O C E S S  ---------------

Threads class SMR info:
_java_thread_list=0x000001f0e52912e0, length=18, elements={
0x000001f0df362380, 0x000001f0df363100, 0x000001f0df398240, 0x000001f0df398d00,
0x000001f0df39b6d0, 0x000001f0df39bf90, 0x000001f0df39c850, 0x000001f0df39f160,
0x000001f0df6cfaf0, 0x000001f0df6daff0, 0x000001f0d4514cf0, 0x000001f0e4763470,
0x000001f0e49de6a0, 0x000001f0e5107040, 0x000001f0d4514090, 0x000001f0e4b0c830,
0x000001f0e48ffd20, 0x000001f0e49001f0
}

Java Threads: ( => current thread )
  0x000001f0df362380 JavaThread "Reference Handler" daemon [_thread_blocked, id=16820, stack(0x0000002a7e700000,0x0000002a7e800000)]
  0x000001f0df363100 JavaThread "Finalizer" daemon [_thread_blocked, id=35268, stack(0x0000002a7e800000,0x0000002a7e900000)]
  0x000001f0df398240 JavaThread "Signal Dispatcher" daemon [_thread_blocked, id=14432, stack(0x0000002a7e900000,0x0000002a7ea00000)]
  0x000001f0df398d00 JavaThread "Attach Listener" daemon [_thread_blocked, id=33772, stack(0x0000002a7ea00000,0x0000002a7eb00000)]
  0x000001f0df39b6d0 JavaThread "Service Thread" daemon [_thread_blocked, id=19428, stack(0x0000002a7eb00000,0x0000002a7ec00000)]
  0x000001f0df39bf90 JavaThread "Monitor Deflation Thread" daemon [_thread_blocked, id=29020, stack(0x0000002a7ec00000,0x0000002a7ed00000)]
  0x000001f0df39c850 JavaThread "C1 CompilerThread0" daemon [_thread_blocked, id=20476, stack(0x0000002a7ed00000,0x0000002a7ee00000)]
  0x000001f0df39f160 JavaThread "Sweeper thread" daemon [_thread_blocked, id=35460, stack(0x0000002a7ee00000,0x0000002a7ef00000)]
  0x000001f0df6cfaf0 JavaThread "Notification Thread" daemon [_thread_blocked, id=33992, stack(0x0000002a7ef00000,0x0000002a7f000000)]
  0x000001f0df6daff0 JavaThread "Common-Cleaner" daemon [_thread_blocked, id=27956, stack(0x0000002a7f100000,0x0000002a7f200000)]
  0x000001f0d4514cf0 JavaThread "boundedElastic-evictor-1" daemon [_thread_blocked, id=33468, stack(0x0000002a7f200000,0x0000002a7f300000)]
  0x000001f0e4763470 JavaThread "boundedElastic-evictor-2" daemon [_thread_blocked, id=25564, stack(0x0000002a7fa00000,0x0000002a7fb00000)]
  0x000001f0e49de6a0 JavaThread "pool-10-thread-1" [_thread_blocked, id=448, stack(0x0000002a7fb00000,0x0000002a7fc00000)]
  0x000001f0e5107040 JavaThread "LanguageServerApp-lifecycle" [_thread_blocked, id=36352, stack(0x0000002a7fc00000,0x0000002a7fd00000)]
  0x000001f0d4514090 JavaThread "DestroyJavaVM" [_thread_blocked, id=35884, stack(0x0000002a7e000000,0x0000002a7e100000)]
  0x000001f0e4b0c830 JavaThread "pool-11-thread-1" [_thread_in_native, id=17400, stack(0x0000002a7fe00000,0x0000002a7ff00000)]
  0x000001f0e48ffd20 JavaThread "Simple-Language-Server main thread" daemon [_thread_blocked, id=36604, stack(0x0000002a7ff00000,0x0000002a80000000)]
  0x000001f0e49001f0 JavaThread "pool-6-thread-1" [_thread_blocked, id=34904, stack(0x0000002a00000000,0x0000002a00100000)]

Other Threads:
=>0x000001f0df34e690 VMThread "VM Thread" [stack: 0x0000002a7e600000,0x0000002a7e700000] [id=6540]
  0x000001f0d456ce60 WatcherThread [stack: 0x0000002a7f000000,0x0000002a7f100000] [id=34008]
  0x000001f0d4554440 GCTaskThread "GC Thread#0" [stack: 0x0000002a7e100000,0x0000002a7e200000] [id=26328]
  0x000001f0e47fe220 GCTaskThread "GC Thread#1" [stack: 0x0000002a7f300000,0x0000002a7f400000] [id=35144]
  0x000001f0e47fe4d0 GCTaskThread "GC Thread#2" [stack: 0x0000002a7f400000,0x0000002a7f500000] [id=5700]
  0x000001f0e47cb7c0 GCTaskThread "GC Thread#3" [stack: 0x0000002a7f500000,0x0000002a7f600000] [id=3496]
  0x000001f0e49fdc90 GCTaskThread "GC Thread#4" [stack: 0x0000002a7f600000,0x0000002a7f700000] [id=36072]
  0x000001f0e49fdf40 GCTaskThread "GC Thread#5" [stack: 0x0000002a7f700000,0x0000002a7f800000] [id=32428]
  0x000001f0e49fe1f0 GCTaskThread "GC Thread#6" [stack: 0x0000002a7f800000,0x0000002a7f900000] [id=21008]
  0x000001f0e49fe4a0 GCTaskThread "GC Thread#7" [stack: 0x0000002a7f900000,0x0000002a7fa00000] [id=18340]
  0x000001f0d455e2a0 ConcurrentGCThread "G1 Main Marker" [stack: 0x0000002a7e200000,0x0000002a7e300000] [id=18180]
  0x000001f0d455ebc0 ConcurrentGCThread "G1 Conc#0" [stack: 0x0000002a7e300000,0x0000002a7e400000] [id=29100]
  0x000001f0e47ba9b0 ConcurrentGCThread "G1 Conc#1" [stack: 0x0000002a7fd00000,0x0000002a7fe00000] [id=34588]
  0x000001f0df1c0090 ConcurrentGCThread "G1 Refine#0" [stack: 0x0000002a7e400000,0x0000002a7e500000] [id=15436]
  0x000001f0df1c09c0 ConcurrentGCThread "G1 Service" [stack: 0x0000002a7e500000,0x0000002a7e600000] [id=33628]

Threads with active compile tasks:

VM state: at safepoint (normal execution)

VM Mutex/Monitor currently owned by a thread:  ([mutex/lock_event])
[0x000001f0d22eae60] Threads_lock - owner thread: 0x000001f0df34e690
[0x000001f0d23ad2a0] Heap_lock - owner thread: 0x000001f0e49de6a0

Heap address: 0x00000000c0000000, size: 1024 MB, Compressed Oops mode: 32-bit

CDS archive(s) not mapped
Compressed class space mapped at: 0x0000000100000000-0x0000000140000000, reserved size: 1073741824
Narrow klass base: 0x0000000000000000, Narrow klass shift: 3, Narrow klass range: 0x140000000

GC Precious Log:
 CPUs: 8 total, 8 available
 Memory: 7995M
 Large Page Support: Disabled
 NUMA Support: Disabled
 Compressed Oops: Enabled (32-bit)
 Heap Region Size: 1M
 Heap Min Capacity: 8M
 Heap Initial Capacity: 126M
 Heap Max Capacity: 1G
 Pre-touch: Disabled
 Parallel Workers: 8
 Concurrent Workers: 2
 Concurrent Refinement Workers: 8
 Periodic GC: Disabled

Heap:
 garbage-first heap   total 58368K, used 18182K [0x00000000c0000000, 0x0000000100000000)
  region size 1024K, 1 young (1024K), 0 survivors (0K)
 Metaspace       used 37224K, committed 37696K, reserved 1114112K
  class space    used 4807K, committed 4992K, reserved 1048576K

Heap Regions: E=young(eden), S=young(survivor), O=old, HS=humongous(starts), HC=humongous(continues), CS=collection set, F=free, OA=open archive, CA=closed archive, TAMS=top-at-mark-start (previous, next)
|   0|0x00000000c0000000, 0x00000000c0100000, 0x00000000c0100000|100%|HS|  |TAMS 0x00000000c0100000, 0x00000000c0000000| Untracked 
|   1|0x00000000c0100000, 0x00000000c01ff800, 0x00000000c0200000| 99%| O|  |TAMS 0x00000000c01ff800, 0x00000000c0100000| Untracked 
|   2|0x00000000c0200000, 0x00000000c0300000, 0x00000000c0300000|100%| O|  |TAMS 0x00000000c0300000, 0x00000000c0200000| Untracked 
|   3|0x00000000c0300000, 0x00000000c0400000, 0x00000000c0400000|100%| O|  |TAMS 0x00000000c0400000, 0x00000000c0300000| Untracked 
|   4|0x00000000c0400000, 0x00000000c0500000, 0x00000000c0500000|100%| O|  |TAMS 0x00000000c0500000, 0x00000000c0400000| Untracked 
|   5|0x00000000c0500000, 0x00000000c0600000, 0x00000000c0600000|100%| O|  |TAMS 0x00000000c0600000, 0x00000000c0500000| Untracked 
|   6|0x00000000c0600000, 0x00000000c06ffff8, 0x00000000c0700000| 99%| O|  |TAMS 0x00000000c06ffff8, 0x00000000c0600000| Untracked 
|   7|0x00000000c0700000, 0x00000000c07fffd0, 0x00000000c0800000| 99%| O|  |TAMS 0x00000000c07fffd0, 0x00000000c0700000| Untracked 
|   8|0x00000000c0800000, 0x00000000c08ffff8, 0x00000000c0900000| 99%| O|  |TAMS 0x00000000c08ffff8, 0x00000000c0800000| Untracked 
|   9|0x00000000c0900000, 0x00000000c09ffff8, 0x00000000c0a00000| 99%| O|  |TAMS 0x00000000c09ffff8, 0x00000000c0900000| Untracked 
|  10|0x00000000c0a00000, 0x00000000c0afffe0, 0x00000000c0b00000| 99%| O|  |TAMS 0x00000000c0afffe0, 0x00000000c0a00000| Untracked 
|  11|0x00000000c0b00000, 0x00000000c0c00000, 0x00000000c0c00000|100%| O|  |TAMS 0x00000000c0c00000, 0x00000000c0b00000| Untracked 
|  12|0x00000000c0c00000, 0x00000000c0cfff58, 0x00000000c0d00000| 99%| O|  |TAMS 0x00000000c0cfff58, 0x00000000c0c00000| Untracked 
|  13|0x00000000c0d00000, 0x00000000c0dfffe0, 0x00000000c0e00000| 99%| O|  |TAMS 0x00000000c0dfffe0, 0x00000000c0d00000| Untracked 
|  14|0x00000000c0e00000, 0x00000000c0effff8, 0x00000000c0f00000| 99%| O|  |TAMS 0x00000000c0effff8, 0x00000000c0e00000| Untracked 
|  15|0x00000000c0f00000, 0x00000000c0ffffe8, 0x00000000c1000000| 99%| O|  |TAMS 0x00000000c0ffffe8, 0x00000000c0f00000| Untracked 
|  16|0x00000000c1000000, 0x00000000c1100000, 0x00000000c1100000|100%| O|  |TAMS 0x00000000c1100000, 0x00000000c1000000| Untracked 
|  17|0x00000000c1100000, 0x00000000c11bff70, 0x00000000c1200000| 74%| O|  |TAMS 0x00000000c1100000, 0x00000000c1100000| Untracked 
|  18|0x00000000c1200000, 0x00000000c1202520, 0x00000000c1300000|  0%| O|  |TAMS 0x00000000c1200000, 0x00000000c1200000| Untracked 
|  19|0x00000000c1300000, 0x00000000c1300000, 0x00000000c1400000|  0%| F|  |TAMS 0x00000000c1300000, 0x00000000c1300000| Untracked 
|  20|0x00000000c1400000, 0x00000000c1400000, 0x00000000c1500000|  0%| F|  |TAMS 0x00000000c1400000, 0x00000000c1400000| Untracked 
|  21|0x00000000c1500000, 0x00000000c1500000, 0x00000000c1600000|  0%| F|  |TAMS 0x00000000c1500000, 0x00000000c1500000| Untracked 
|  22|0x00000000c1600000, 0x00000000c1600000, 0x00000000c1700000|  0%| F|  |TAMS 0x00000000c1600000, 0x00000000c1600000| Untracked 
|  23|0x00000000c1700000, 0x00000000c1700000, 0x00000000c1800000|  0%| F|  |TAMS 0x00000000c1700000, 0x00000000c1700000| Untracked 
|  24|0x00000000c1800000, 0x00000000c1800000, 0x00000000c1900000|  0%| F|  |TAMS 0x00000000c1800000, 0x00000000c1800000| Untracked 
|  25|0x00000000c1900000, 0x00000000c1900000, 0x00000000c1a00000|  0%| F|  |TAMS 0x00000000c1900000, 0x00000000c1900000| Untracked 
|  26|0x00000000c1a00000, 0x00000000c1a00000, 0x00000000c1b00000|  0%| F|  |TAMS 0x00000000c1a00000, 0x00000000c1a00000| Untracked 
|  27|0x00000000c1b00000, 0x00000000c1b00000, 0x00000000c1c00000|  0%| F|  |TAMS 0x00000000c1b00000, 0x00000000c1b00000| Untracked 
|  28|0x00000000c1c00000, 0x00000000c1c00000, 0x00000000c1d00000|  0%| F|  |TAMS 0x00000000c1c00000, 0x00000000c1c00000| Untracked 
|  29|0x00000000c1d00000, 0x00000000c1d00000, 0x00000000c1e00000|  0%| F|  |TAMS 0x00000000c1d00000, 0x00000000c1d00000| Untracked 
|  30|0x00000000c1e00000, 0x00000000c1e00000, 0x00000000c1f00000|  0%| F|  |TAMS 0x00000000c1e00000, 0x00000000c1e00000| Untracked 
|  31|0x00000000c1f00000, 0x00000000c1f00000, 0x00000000c2000000|  0%| F|  |TAMS 0x00000000c1f00000, 0x00000000c1f00000| Untracked 
|  32|0x00000000c2000000, 0x00000000c2000000, 0x00000000c2100000|  0%| F|  |TAMS 0x00000000c2000000, 0x00000000c2000000| Untracked 
|  33|0x00000000c2100000, 0x00000000c2100000, 0x00000000c2200000|  0%| F|  |TAMS 0x00000000c2100000, 0x00000000c2100000| Untracked 
|  34|0x00000000c2200000, 0x00000000c2200000, 0x00000000c2300000|  0%| F|  |TAMS 0x00000000c2200000, 0x00000000c2200000| Untracked 
|  35|0x00000000c2300000, 0x00000000c2300000, 0x00000000c2400000|  0%| F|  |TAMS 0x00000000c2300000, 0x00000000c2300000| Untracked 
|  36|0x00000000c2400000, 0x00000000c2400000, 0x00000000c2500000|  0%| F|  |TAMS 0x00000000c2400000, 0x00000000c2400000| Untracked 
|  37|0x00000000c2500000, 0x00000000c2500000, 0x00000000c2600000|  0%| F|  |TAMS 0x00000000c2500000, 0x00000000c2500000| Untracked 
|  38|0x00000000c2600000, 0x00000000c2600000, 0x00000000c2700000|  0%| F|  |TAMS 0x00000000c2600000, 0x00000000c2600000| Untracked 
|  39|0x00000000c2700000, 0x00000000c2700000, 0x00000000c2800000|  0%| F|  |TAMS 0x00000000c2700000, 0x00000000c2700000| Untracked 
|  40|0x00000000c2800000, 0x00000000c2800000, 0x00000000c2900000|  0%| F|  |TAMS 0x00000000c2800000, 0x00000000c2800000| Untracked 
|  41|0x00000000c2900000, 0x00000000c2900000, 0x00000000c2a00000|  0%| F|  |TAMS 0x00000000c2900000, 0x00000000c2900000| Untracked 
|  42|0x00000000c2a00000, 0x00000000c2a00000, 0x00000000c2b00000|  0%| F|  |TAMS 0x00000000c2a00000, 0x00000000c2a00000| Untracked 
|  43|0x00000000c2b00000, 0x00000000c2b00000, 0x00000000c2c00000|  0%| F|  |TAMS 0x00000000c2b00000, 0x00000000c2b00000| Untracked 
|  44|0x00000000c2c00000, 0x00000000c2c00000, 0x00000000c2d00000|  0%| F|  |TAMS 0x00000000c2c00000, 0x00000000c2c00000| Untracked 
|  45|0x00000000c2d00000, 0x00000000c2d00000, 0x00000000c2e00000|  0%| F|  |TAMS 0x00000000c2d00000, 0x00000000c2d00000| Untracked 
|  46|0x00000000c2e00000, 0x00000000c2e00000, 0x00000000c2f00000|  0%| F|  |TAMS 0x00000000c2e00000, 0x00000000c2e00000| Untracked 
|  47|0x00000000c2f00000, 0x00000000c2f00000, 0x00000000c3000000|  0%| F|  |TAMS 0x00000000c2f00000, 0x00000000c2f00000| Untracked 
|  48|0x00000000c3000000, 0x00000000c3000000, 0x00000000c3100000|  0%| F|  |TAMS 0x00000000c3000000, 0x00000000c3000000| Untracked 
|  49|0x00000000c3100000, 0x00000000c3100000, 0x00000000c3200000|  0%| F|  |TAMS 0x00000000c3100000, 0x00000000c3100000| Untracked 
|  92|0x00000000c5c00000, 0x00000000c5c00000, 0x00000000c5d00000|  0%| F|  |TAMS 0x00000000c5c00000, 0x00000000c5c00000| Untracked 
|  93|0x00000000c5d00000, 0x00000000c5d00000, 0x00000000c5e00000|  0%| F|  |TAMS 0x00000000c5d00000, 0x00000000c5d00000| Untracked 
|  94|0x00000000c5e00000, 0x00000000c5e00000, 0x00000000c5f00000|  0%| F|  |TAMS 0x00000000c5e00000, 0x00000000c5e00000| Untracked 
|  95|0x00000000c5f00000, 0x00000000c5f00000, 0x00000000c6000000|  0%| F|  |TAMS 0x00000000c5f00000, 0x00000000c5f00000| Untracked 
| 100|0x00000000c6400000, 0x00000000c6400000, 0x00000000c6500000|  0%| F|  |TAMS 0x00000000c6400000, 0x00000000c6400000| Untracked 
| 124|0x00000000c7c00000, 0x00000000c7c00000, 0x00000000c7d00000|  0%| F|  |TAMS 0x00000000c7c00000, 0x00000000c7c00000| Untracked 
| 125|0x00000000c7d00000, 0x00000000c7d21ce0, 0x00000000c7e00000| 13%| E|  |TAMS 0x00000000c7d00000, 0x00000000c7d00000| Complete 

Card table byte_map: [0x000001f0da4c0000,0x000001f0da6c0000] _byte_map_base: 0x000001f0d9ec0000

Marking Bits (Prev, Next): (CMBitMap*) 0x000001f0d4554960, (CMBitMap*) 0x000001f0d45549a0
 Prev Bits: [0x000001f0da8c0000, 0x000001f0db8c0000)
 Next Bits: [0x000001f0db8c0000, 0x000001f0dc8c0000)

Polling page: 0x000001f0d24e0000

Metaspace:

Usage:
  Non-class:     31.66 MB used.
      Class:      4.69 MB used.
       Both:     36.35 MB used.

Virtual space:
  Non-class space:       64.00 MB reserved,      31.94 MB ( 50%) committed,  1 nodes.
      Class space:        1.00 GB reserved,       4.88 MB ( <1%) committed,  1 nodes.
             Both:        1.06 GB reserved,      36.81 MB (  3%) committed. 

Chunk freelists:
   Non-Class:  15.52 MB
       Class:  11.08 MB
        Both:  26.60 MB

MaxMetaspaceSize: unlimited
CompressedClassSpaceSize: 1.00 GB
Initial GC threshold: 21.00 MB
Current GC threshold: 61.25 MB
CDS: off
MetaspaceReclaimPolicy: balanced
 - commit_granule_bytes: 65536.
 - commit_granule_words: 8192.
 - virtual_space_node_default_size: 8388608.
 - enlarge_chunks_in_place: 1.
 - new_chunks_are_fully_committed: 0.
 - uncommit_free_chunks: 1.
 - use_allocation_guard: 0.
 - handle_deallocations: 1.


Internal statistics:

num_allocs_failed_limit: 6.
num_arena_births: 464.
num_arena_deaths: 132.
num_vsnodes_births: 2.
num_vsnodes_deaths: 0.
num_space_committed: 589.
num_space_uncommitted: 0.
num_chunks_returned_to_freelist: 153.
num_chunks_taken_from_freelist: 1559.
num_chunk_merges: 50.
num_chunk_splits: 1072.
num_chunks_enlarged: 808.
num_inconsistent_stats: 0.

CodeCache: size=49152Kb used=6513Kb max_used=7475Kb free=42638Kb
 bounds [0x000001f0d71a0000, 0x000001f0d78f0000, 0x000001f0da1a0000]
 total_blobs=4003 nmethods=3469 adapters=461
 compilation: enabled
              stopped_count=0, restarted_count=0
 full_count=0

Compilation events (20 events):
Event: 436.425 Thread 0x000001f0df39c850 3459       1       java.util.concurrent.locks.ReentrantLock$Sync::isHeldExclusively (16 bytes)
Event: 436.431 Thread 0x000001f0df39c850 nmethod 3459 0x000001f0d76e8b10 code [0x000001f0d76e8ca0, 0x000001f0d76e8d98]
Event: 436.432 Thread 0x000001f0df39c850 3460       1       jdk.internal.misc.Unsafe::putReferenceOpaque (9 bytes)
Event: 436.432 Thread 0x000001f0df39c850 nmethod 3460 0x000001f0d76e8810 code [0x000001f0d76e89a0, 0x000001f0d76e8ab8]
Event: 436.688 Thread 0x000001f0df39c850 3461       1       java.lang.System::getProperty (25 bytes)
Event: 436.744 Thread 0x000001f0df39c850 nmethod 3461 0x000001f0d76e8010 code [0x000001f0d76e8200, 0x000001f0d76e85c8]
Event: 446.419 Thread 0x000001f0df39c850 3462       1       java.util.concurrent.locks.LockSupport::setBlocker (12 bytes)
Event: 446.432 Thread 0x000001f0df39c850 nmethod 3462 0x000001f0d76e7d10 code [0x000001f0d76e7ea0, 0x000001f0d76e7f98]
Event: 456.421 Thread 0x000001f0df39c850 3463       1       java.util.concurrent.ThreadPoolExecutor::getQueue (5 bytes)
Event: 456.424 Thread 0x000001f0df39c850 nmethod 3463 0x000001f0d76e7a10 code [0x000001f0d76e7ba0, 0x000001f0d76e7c78]
Event: 457.058 Thread 0x000001f0df39c850 3464       1       java.util.concurrent.locks.AbstractQueuedSynchronizer$ConditionObject::canReacquire (28 bytes)
Event: 457.065 Thread 0x000001f0df39c850 nmethod 3464 0x000001f0d76e7610 code [0x000001f0d76e77a0, 0x000001f0d76e78f8]
Event: 466.121 Thread 0x000001f0df39c850 3465       1       java.util.concurrent.ScheduledThreadPoolExecutor$DelayedWorkQueue::setIndex (16 bytes)
Event: 466.121 Thread 0x000001f0df39c850 nmethod 3465 0x000001f0d76e7290 code [0x000001f0d76e7420, 0x000001f0d76e7538]
Event: 466.121 Thread 0x000001f0df39c850 3466       1       java.util.concurrent.ScheduledThreadPoolExecutor$ScheduledFutureTask::getDelay (16 bytes)
Event: 466.121 Thread 0x000001f0df39c850 nmethod 3466 0x000001f0d76e6f10 code [0x000001f0d76e70a0, 0x000001f0d76e71c8]
Event: 466.121 Thread 0x000001f0df39c850 3467       1       java.util.concurrent.TimeUnit::convert (77 bytes)
Event: 466.123 Thread 0x000001f0df39c850 nmethod 3467 0x000001f0d76e6910 code [0x000001f0d76e6b00, 0x000001f0d76e6d88]
Event: 584.070 Thread 0x000001f0df39c850 3468       1       java.lang.invoke.LambdaForm$MH/0x000000010008bc00::invoke (148 bytes)
Event: 584.091 Thread 0x000001f0df39c850 nmethod 3468 0x000001f0d76e5e90 code [0x000001f0d76e60c0, 0x000001f0d76e64c8]

GC Heap History (20 events):
Event: 552.807 GC heap before
{Heap before GC invocations=53 (full 44):
 garbage-first heap   total 58368K, used 18182K [0x00000000c0000000, 0x0000000100000000)
  region size 1024K, 1 young (1024K), 0 survivors (0K)
 Metaspace       used 37224K, committed 37696K, reserved 1114112K
  class space    used 4807K, committed 4992K, reserved 1048576K
}
Event: 552.863 GC heap after
{Heap after GC invocations=54 (full 45):
 garbage-first heap   total 58368K, used 18182K [0x00000000c0000000, 0x0000000100000000)
  region size 1024K, 0 young (0K), 0 survivors (0K)
 Metaspace       used 37224K, committed 37696K, reserved 1114112K
  class space    used 4807K, committed 4992K, reserved 1048576K
}
Event: 563.615 GC heap before
{Heap before GC invocations=54 (full 45):
 garbage-first heap   total 58368K, used 18182K [0x00000000c0000000, 0x0000000100000000)
  region size 1024K, 1 young (1024K), 0 survivors (0K)
 Metaspace       used 37224K, committed 37696K, reserved 1114112K
  class space    used 4807K, committed 4992K, reserved 1048576K
}
Event: 563.656 GC heap after
{Heap after GC invocations=55 (full 46):
 garbage-first heap   total 58368K, used 18182K [0x00000000c0000000, 0x0000000100000000)
  region size 1024K, 0 young (0K), 0 survivors (0K)
 Metaspace       used 37224K, committed 37696K, reserved 1114112K
  class space    used 4807K, committed 4992K, reserved 1048576K
}
Event: 573.999 GC heap before
{Heap before GC invocations=55 (full 46):
 garbage-first heap   total 58368K, used 18182K [0x00000000c0000000, 0x0000000100000000)
  region size 1024K, 1 young (1024K), 0 survivors (0K)
 Metaspace       used 37224K, committed 37696K, reserved 1114112K
  class space    used 4807K, committed 4992K, reserved 1048576K
}
Event: 574.037 GC heap after
{Heap after GC invocations=56 (full 47):
 garbage-first heap   total 58368K, used 18182K [0x00000000c0000000, 0x0000000100000000)
  region size 1024K, 0 young (0K), 0 survivors (0K)
 Metaspace       used 37224K, committed 37696K, reserved 1114112K
  class space    used 4807K, committed 4992K, reserved 1048576K
}
Event: 585.272 GC heap before
{Heap before GC invocations=56 (full 47):
 garbage-first heap   total 58368K, used 18182K [0x00000000c0000000, 0x0000000100000000)
  region size 1024K, 1 young (1024K), 0 survivors (0K)
 Metaspace       used 37224K, committed 37696K, reserved 1114112K
  class space    used 4807K, committed 4992K, reserved 1048576K
}
Event: 585.312 GC heap after
{Heap after GC invocations=57 (full 48):
 garbage-first heap   total 58368K, used 18182K [0x00000000c0000000, 0x0000000100000000)
  region size 1024K, 0 young (0K), 0 survivors (0K)
 Metaspace       used 37224K, committed 37696K, reserved 1114112K
  class space    used 4807K, committed 4992K, reserved 1048576K
}
Event: 597.734 GC heap before
{Heap before GC invocations=57 (full 48):
 garbage-first heap   total 58368K, used 18182K [0x00000000c0000000, 0x0000000100000000)
  region size 1024K, 1 young (1024K), 0 survivors (0K)
 Metaspace       used 37224K, committed 37696K, reserved 1114112K
  class space    used 4807K, committed 4992K, reserved 1048576K
}
Event: 597.773 GC heap after
{Heap after GC invocations=58 (full 49):
 garbage-first heap   total 58368K, used 18212K [0x00000000c0000000, 0x0000000100000000)
  region size 1024K, 0 young (0K), 0 survivors (0K)
 Metaspace       used 37224K, committed 37696K, reserved 1114112K
  class space    used 4807K, committed 4992K, reserved 1048576K
}
Event: 608.315 GC heap before
{Heap before GC invocations=58 (full 49):
 garbage-first heap   total 58368K, used 18212K [0x00000000c0000000, 0x0000000100000000)
  region size 1024K, 1 young (1024K), 0 survivors (0K)
 Metaspace       used 37224K, committed 37696K, reserved 1114112K
  class space    used 4807K, committed 4992K, reserved 1048576K
}
Event: 608.352 GC heap after
{Heap after GC invocations=59 (full 50):
 garbage-first heap   total 58368K, used 18212K [0x00000000c0000000, 0x0000000100000000)
  region size 1024K, 0 young (0K), 0 survivors (0K)
 Metaspace       used 37224K, committed 37696K, reserved 1114112K
  class space    used 4807K, committed 4992K, reserved 1048576K
}
Event: 619.005 GC heap before
{Heap before GC invocations=59 (full 50):
 garbage-first heap   total 58368K, used 18212K [0x00000000c0000000, 0x0000000100000000)
  region size 1024K, 1 young (1024K), 0 survivors (0K)
 Metaspace       used 37224K, committed 37696K, reserved 1114112K
  class space    used 4807K, committed 4992K, reserved 1048576K
}
Event: 619.043 GC heap after
{Heap after GC invocations=60 (full 51):
 garbage-first heap   total 58368K, used 18212K [0x00000000c0000000, 0x0000000100000000)
  region size 1024K, 0 young (0K), 0 survivors (0K)
 Metaspace       used 37224K, committed 37696K, reserved 1114112K
  class space    used 4807K, committed 4992K, reserved 1048576K
}
Event: 629.591 GC heap before
{Heap before GC invocations=60 (full 51):
 garbage-first heap   total 58368K, used 18212K [0x00000000c0000000, 0x0000000100000000)
  region size 1024K, 1 young (1024K), 0 survivors (0K)
 Metaspace       used 37224K, committed 37696K, reserved 1114112K
  class space    used 4807K, committed 4992K, reserved 1048576K
}
Event: 629.630 GC heap after
{Heap after GC invocations=61 (full 52):
 garbage-first heap   total 58368K, used 18212K [0x00000000c0000000, 0x0000000100000000)
  region size 1024K, 0 young (0K), 0 survivors (0K)
 Metaspace       used 37224K, committed 37696K, reserved 1114112K
  class space    used 4807K, committed 4992K, reserved 1048576K
}
Event: 639.857 GC heap before
{Heap before GC invocations=61 (full 52):
 garbage-first heap   total 58368K, used 18212K [0x00000000c0000000, 0x0000000100000000)
  region size 1024K, 1 young (1024K), 0 survivors (0K)
 Metaspace       used 37224K, committed 37696K, reserved 1114112K
  class space    used 4807K, committed 4992K, reserved 1048576K
}
Event: 639.890 GC heap after
{Heap after GC invocations=62 (full 53):
 garbage-first heap   total 58368K, used 18182K [0x00000000c0000000, 0x0000000100000000)
  region size 1024K, 0 young (0K), 0 survivors (0K)
 Metaspace       used 37224K, committed 37696K, reserved 1114112K
  class space    used 4807K, committed 4992K, reserved 1048576K
}
Event: 650.286 GC heap before
{Heap before GC invocations=62 (full 53):
 garbage-first heap   total 58368K, used 18182K [0x00000000c0000000, 0x0000000100000000)
  region size 1024K, 1 young (1024K), 0 survivors (0K)
 Metaspace       used 37224K, committed 37696K, reserved 1114112K
  class space    used 4807K, committed 4992K, reserved 1048576K
}
Event: 650.322 GC heap after
{Heap after GC invocations=63 (full 54):
 garbage-first heap   total 58368K, used 18182K [0x00000000c0000000, 0x0000000100000000)
  region size 1024K, 0 young (0K), 0 survivors (0K)
 Metaspace       used 37224K, committed 37696K, reserved 1114112K
  class space    used 4807K, committed 4992K, reserved 1048576K
}

Dll operation events (7 events):
Event: 0.019 Loaded shared library c:\Users\Luis\.vscode\extensions\redhat.java-1.19.0-win32-x64\jre\17.0.7-win32-x86_64\bin\java.dll
Event: 3.937 Loaded shared library C:\Users\Luis\.vscode\extensions\redhat.java-1.19.0-win32-x64\jre\17.0.7-win32-x86_64\bin\net.dll
Event: 3.952 Loaded shared library C:\Users\Luis\.vscode\extensions\redhat.java-1.19.0-win32-x64\jre\17.0.7-win32-x86_64\bin\nio.dll
Event: 4.029 Loaded shared library C:\Users\Luis\.vscode\extensions\redhat.java-1.19.0-win32-x64\jre\17.0.7-win32-x86_64\bin\zip.dll
Event: 7.120 Loaded shared library C:\Users\Luis\.vscode\extensions\redhat.java-1.19.0-win32-x64\jre\17.0.7-win32-x86_64\bin\jimage.dll
Event: 27.621 Loaded shared library C:\Users\Luis\.vscode\extensions\redhat.java-1.19.0-win32-x64\jre\17.0.7-win32-x86_64\bin\management.dll
Event: 27.645 Loaded shared library C:\Users\Luis\.vscode\extensions\redhat.java-1.19.0-win32-x64\jre\17.0.7-win32-x86_64\bin\management_ext.dll

Deoptimization events (4 events):
Event: 17.083 Thread 0x000001f0d4514090 DEOPT PACKING pc=0x000001f0d77aa699 sp=0x0000002a7e0fd6a0
Event: 17.083 Thread 0x000001f0d4514090 DEOPT UNPACKING pc=0x000001f0d71f7143 sp=0x0000002a7e0fcb80 mode 3
Event: 29.623 Thread 0x000001f0e48ffd20 DEOPT PACKING pc=0x000001f0d76f80b5 sp=0x0000002a7fffd4e0
Event: 29.623 Thread 0x000001f0e48ffd20 DEOPT UNPACKING pc=0x000001f0d71f7143 sp=0x0000002a7fffca08 mode 3

Classes unloaded (20 events):
Event: 97.045 Thread 0x000001f0df34e690 Unloading class 0x0000000100221800 'java/lang/invoke/LambdaForm$MH+0x0000000100221800'
Event: 97.046 Thread 0x000001f0df34e690 Unloading class 0x0000000100215000 'java/lang/invoke/LambdaForm$DMH+0x0000000100215000'
Event: 97.046 Thread 0x000001f0df34e690 Unloading class 0x0000000100091c00 'java/lang/invoke/LambdaForm$MH+0x0000000100091c00'
Event: 97.046 Thread 0x000001f0df34e690 Unloading class 0x0000000100091800 'java/lang/invoke/LambdaForm$MH+0x0000000100091800'
Event: 97.046 Thread 0x000001f0df34e690 Unloading class 0x0000000100091400 'java/lang/invoke/LambdaForm$MH+0x0000000100091400'
Event: 97.046 Thread 0x000001f0df34e690 Unloading class 0x0000000100091000 'java/lang/invoke/LambdaForm$MH+0x0000000100091000'
Event: 97.046 Thread 0x000001f0df34e690 Unloading class 0x0000000100090c00 'java/lang/invoke/LambdaForm$MH+0x0000000100090c00'
Event: 97.046 Thread 0x000001f0df34e690 Unloading class 0x0000000100090800 'java/lang/invoke/LambdaForm$MH+0x0000000100090800'
Event: 97.046 Thread 0x000001f0df34e690 Unloading class 0x0000000100090400 'java/lang/invoke/LambdaForm$MH+0x0000000100090400'
Event: 97.046 Thread 0x000001f0df34e690 Unloading class 0x0000000100090000 'java/lang/invoke/LambdaForm$MH+0x0000000100090000'
Event: 97.047 Thread 0x000001f0df34e690 Unloading class 0x000000010008b800 'java/lang/invoke/LambdaForm$MH+0x000000010008b800'
Event: 97.047 Thread 0x000001f0df34e690 Unloading class 0x000000010008b400 'java/lang/invoke/LambdaForm$MH+0x000000010008b400'
Event: 97.047 Thread 0x000001f0df34e690 Unloading class 0x000000010008b000 'java/lang/invoke/LambdaForm$MH+0x000000010008b000'
Event: 97.047 Thread 0x000001f0df34e690 Unloading class 0x000000010008ac00 'java/lang/invoke/LambdaForm$MH+0x000000010008ac00'
Event: 97.047 Thread 0x000001f0df34e690 Unloading class 0x000000010008a800 'java/lang/invoke/LambdaForm$MH+0x000000010008a800'
Event: 97.047 Thread 0x000001f0df34e690 Unloading class 0x000000010008a400 'java/lang/invoke/LambdaForm$MH+0x000000010008a400'
Event: 97.047 Thread 0x000001f0df34e690 Unloading class 0x0000000100089c00 'java/lang/invoke/LambdaForm$MH+0x0000000100089c00'
Event: 97.047 Thread 0x000001f0df34e690 Unloading class 0x0000000100089400 'java/lang/invoke/LambdaForm$MH+0x0000000100089400'
Event: 97.047 Thread 0x000001f0df34e690 Unloading class 0x0000000100088c00 'java/lang/invoke/LambdaForm$MH+0x0000000100088c00'
Event: 97.047 Thread 0x000001f0df34e690 Unloading class 0x0000000100088400 'java/lang/invoke/LambdaForm$MH+0x0000000100088400'

Classes redefined (0 events):
No events

Internal exceptions (20 events):
Event: 20.367 Thread 0x000001f0d4514090 Exception <a 'java/lang/NoSuchMethodError'{0x00000000c2b7f4a0}: 'java.lang.Object java.lang.invoke.DirectMethodHandle$Holder.invokeSpecial(java.lang.Object, java.lang.Object, java.lang.Object, java.lang.Object, java.lang.Object, java.lang.Object, java.lang.Object, java.lang.Object, java.lang.Object, java.lang.Object)'> (0x00000000c2b7f4a0) 
thrown [s\src\hotspot\share\interpreter\linkResolver.cpp, line 759]
Event: 20.367 Thread 0x000001f0d4514090 Exception <a 'java/lang/NoSuchMethodError'{0x00000000c2b83a88}: 'java.lang.Object java.lang.invoke.Invokers$Holder.invoke_MT(java.lang.Object, java.lang.Object, java.lang.Object, java.lang.Object, java.lang.Object, java.lang.Object, java.lang.Object, java.lang.Object, java.lang.Object, java.lang.Object)'> (0x00000000c2b83a88) 
thrown [s\src\hotspot\share\interpreter\linkResolver.cpp, line 759]
Event: 20.382 Thread 0x000001f0d4514090 Exception <a 'java/lang/NoSuchMethodError'{0x00000000c2bc8f20}: 'java.lang.Object java.lang.invoke.DirectMethodHandle$Holder.invokeSpecial(java.lang.Object, java.lang.Object, int, java.lang.Object, java.lang.Object)'> (0x00000000c2bc8f20) 
thrown [s\src\hotspot\share\interpreter\linkResolver.cpp, line 759]
Event: 20.382 Thread 0x000001f0d4514090 Exception <a 'java/lang/NoSuchMethodError'{0x00000000c2bccbc8}: 'java.lang.Object java.lang.invoke.DelegatingMethodHandle$Holder.delegate(java.lang.Object, int, java.lang.Object, java.lang.Object)'> (0x00000000c2bccbc8) 
thrown [s\src\hotspot\share\interpreter\linkResolver.cpp, line 759]
Event: 20.385 Thread 0x000001f0d4514090 Exception <a 'java/lang/NoSuchMethodError'{0x00000000c2bdda50}: 'int java.lang.invoke.Invokers$Holder.linkToTargetMethod(java.lang.Object, java.lang.Object, java.lang.Object)'> (0x00000000c2bdda50) 
thrown [s\src\hotspot\share\interpreter\linkResolver.cpp, line 759]
Event: 20.671 Thread 0x000001f0d4514090 Exception <a 'java/lang/NoSuchMethodError'{0x00000000c2848278}: 'void java.lang.invoke.DirectMethodHandle$Holder.invokeSpecial(java.lang.Object, java.lang.Object, java.lang.Object, java.lang.Object, java.lang.Object, java.lang.Object)'> (0x00000000c2848278) 
thrown [s\src\hotspot\share\interpreter\linkResolver.cpp, line 759]
Event: 21.019 Thread 0x000001f0d4514090 Exception <a 'java/lang/NoSuchMethodError'{0x00000000c27f4e80}: 'java.lang.Object java.lang.invoke.DirectMethodHandle$Holder.invokeStaticInit(java.lang.Object, int, int, int, int)'> (0x00000000c27f4e80) 
thrown [s\src\hotspot\share\interpreter\linkResolver.cpp, line 759]
Event: 21.624 Thread 0x000001f0d4514090 Exception <a 'java/lang/NoSuchMethodError'{0x00000000c2658f28}: 'java.lang.Object java.lang.invoke.DirectMethodHandle$Holder.invokeStaticInit(java.lang.Object, java.lang.Object, int, int, int, int)'> (0x00000000c2658f28) 
thrown [s\src\hotspot\share\interpreter\linkResolver.cpp, line 759]
Event: 22.663 Thread 0x000001f0d4514090 Exception <a 'java/lang/NoSuchMethodError'{0x00000000c5de8e98}: 'void java.lang.invoke.DirectMethodHandle$Holder.invokeSpecialIFC(java.lang.Object, java.lang.Object, java.lang.Object)'> (0x00000000c5de8e98) 
thrown [s\src\hotspot\share\interpreter\linkResolver.cpp, line 759]
Event: 24.853 Thread 0x000001f0d4514090 Exception <a 'java/lang/NoSuchMethodError'{0x00000000c5fa2738}: 'void java.lang.invoke.DirectMethodHandle$Holder.invokeSpecial(java.lang.Object, java.lang.Object, java.lang.Object, java.lang.Object, java.lang.Object, java.lang.Object, java.lang.Object)'> (0x00000000c5fa2738) 
thrown [s\src\hotspot\share\interpreter\linkResolver.cpp, line 759]
Event: 25.708 Thread 0x000001f0d4514090 Exception <a 'java/lang/NoSuchMethodError'{0x00000000c5c71ec8}: 'java.lang.Object java.lang.invoke.DirectMethodHandle$Holder.invokeInterface(java.lang.Object, java.lang.Object, int)'> (0x00000000c5c71ec8) 
thrown [s\src\hotspot\share\interpreter\linkResolver.cpp, line 759]
Event: 25.715 Thread 0x000001f0d4514090 Exception <a 'java/lang/IncompatibleClassChangeError'{0x00000000c5c84c40}: Found class java.lang.Object, but interface was expected> (0x00000000c5c84c40) 
thrown [s\src\hotspot\share\interpreter\linkResolver.cpp, line 826]
Event: 27.015 Thread 0x000001f0d4514090 Exception <a 'java/lang/NoSuchMethodError'{0x00000000c2e55d68}: 'java.lang.Object java.lang.invoke.DirectMethodHandle$Holder.newInvokeSpecial(java.lang.Object, java.lang.Object, int, java.lang.Object, java.lang.Object)'> (0x00000000c2e55d68) 
thrown [s\src\hotspot\share\interpreter\linkResolver.cpp, line 759]
Event: 27.018 Thread 0x000001f0d4514090 Exception <a 'java/lang/NoSuchMethodError'{0x00000000c2e67dd0}: 'java.lang.Object java.lang.invoke.DirectMethodHandle$Holder.invokeSpecial(java.lang.Object, java.lang.Object, int, java.lang.Object, int, java.lang.Object)'> (0x00000000c2e67dd0) 
thrown [s\src\hotspot\share\interpreter\linkResolver.cpp, line 759]
Event: 27.086 Thread 0x000001f0d4514090 Exception <a 'java/lang/NoSuchMethodError'{0x00000000c2e6fbd8}: 'java.lang.Object java.lang.invoke.DirectMethodHandle$Holder.newInvokeSpecial(java.lang.Object, java.lang.Object, int, java.lang.Object, int)'> (0x00000000c2e6fbd8) 
thrown [s\src\hotspot\share\interpreter\linkResolver.cpp, line 759]
Event: 27.087 Thread 0x000001f0d4514090 Exception <a 'java/lang/NoSuchMethodError'{0x00000000c2e73cd8}: 'java.lang.Object java.lang.invoke.DirectMethodHandle$Holder.invokeSpecial(java.lang.Object, java.lang.Object, java.lang.Object, int, java.lang.Object, int)'> (0x00000000c2e73cd8) 
thrown [s\src\hotspot\share\interpreter\linkResolver.cpp, line 759]
Event: 29.492 Thread 0x000001f0e4b0c830 Exception <a 'java/lang/NoSuchMethodError'{0x00000000c7dfd050}: 'java.lang.Object java.lang.invoke.DirectMethodHandle$Holder.invokeStatic(java.lang.Object, java.lang.Object, java.lang.Object, int, java.lang.Object, java.lang.Object)'> (0x00000000c7dfd050) 
thrown [s\src\hotspot\share\interpreter\linkResolver.cpp, line 759]
Event: 29.615 Thread 0x000001f0e48ffd20 Exception <a 'java/lang/NoSuchMethodError'{0x00000000c64211c8}: 'java.lang.Object java.lang.invoke.DirectMethodHandle$Holder.invokeStatic(java.lang.Object, int, java.lang.Object)'> (0x00000000c64211c8) 
thrown [s\src\hotspot\share\interpreter\linkResolver.cpp, line 759]
Event: 67.940 Thread 0x000001f0e49de6a0 Exception <a 'java/lang/NoSuchMethodError'{0x00000000c5f3d360}: 'void java.lang.invoke.DirectMethodHandle$Holder.invokeStatic(java.lang.Object, long)'> (0x00000000c5f3d360) 
thrown [s\src\hotspot\share\interpreter\linkResolver.cpp, line 759]
Event: 67.944 Thread 0x000001f0e49de6a0 Exception <a 'java/lang/NoSuchMethodError'{0x00000000c5f42708}: 'java.lang.Object java.lang.invoke.DirectMethodHandle$Holder.newInvokeSpecial(java.lang.Object, long)'> (0x00000000c5f42708) 
thrown [s\src\hotspot\share\interpreter\linkResolver.cpp, line 759]

VM Operations (20 events):
Event: 563.656 Executing VM operation: G1CollectFull done
Event: 573.999 Executing VM operation: G1CollectFull
Event: 574.037 Executing VM operation: G1CollectFull done
Event: 585.272 Executing VM operation: G1CollectFull
Event: 585.313 Executing VM operation: G1CollectFull done
Event: 595.398 Executing VM operation: Cleanup
Event: 595.398 Executing VM operation: Cleanup done
Event: 597.734 Executing VM operation: G1CollectFull
Event: 597.774 Executing VM operation: G1CollectFull done
Event: 608.315 Executing VM operation: G1CollectFull
Event: 608.353 Executing VM operation: G1CollectFull done
Event: 619.004 Executing VM operation: G1CollectFull
Event: 619.043 Executing VM operation: G1CollectFull done
Event: 629.591 Executing VM operation: G1CollectFull
Event: 629.631 Executing VM operation: G1CollectFull done
Event: 639.857 Executing VM operation: G1CollectFull
Event: 639.890 Executing VM operation: G1CollectFull done
Event: 650.286 Executing VM operation: G1CollectFull
Event: 650.322 Executing VM operation: G1CollectFull done
Event: 660.819 Executing VM operation: G1CollectFull

Events (20 events):
Event: 147.601 loading class sun/util/locale/provider/TimeZoneNameUtility
Event: 147.612 loading class sun/util/locale/provider/TimeZoneNameUtility done
Event: 147.612 loading class sun/util/locale/provider/TimeZoneNameUtility$TimeZoneNameGetter
Event: 147.613 loading class sun/util/locale/provider/TimeZoneNameUtility$TimeZoneNameGetter done
Event: 147.621 loading class sun/util/cldr/CLDRTimeZoneNameProviderImpl
Event: 147.627 loading class sun/util/locale/provider/TimeZoneNameProviderImpl
Event: 147.627 loading class sun/util/locale/provider/TimeZoneNameProviderImpl done
Event: 147.627 loading class sun/util/cldr/CLDRTimeZoneNameProviderImpl done
Event: 147.634 loading class sun/util/locale/provider/BaseLocaleDataMetaInfo
Event: 147.634 loading class sun/util/locale/provider/BaseLocaleDataMetaInfo done
Event: 147.663 loading class sun/util/resources/cldr/TimeZoneNames
Event: 147.665 loading class sun/util/resources/TimeZoneNamesBundle
Event: 147.665 loading class sun/util/resources/OpenListResourceBundle
Event: 147.668 loading class sun/util/resources/OpenListResourceBundle done
Event: 147.668 loading class sun/util/resources/TimeZoneNamesBundle done
Event: 147.668 loading class sun/util/resources/cldr/TimeZoneNames done
Event: 147.672 loading class sun/util/resources/cldr/TimeZoneNames_en
Event: 147.681 loading class sun/util/resources/cldr/TimeZoneNames_en done
Event: 147.682 loading class sun/util/resources/cldr/TimeZoneNames_en_US
Event: 147.682 loading class sun/util/resources/cldr/TimeZoneNames_en_US done


Dynamic libraries:
0x00007ff7c4f20000 - 0x00007ff7c4f2e000 	c:\Users\Luis\.vscode\extensions\redhat.java-1.19.0-win32-x64\jre\17.0.7-win32-x86_64\bin\java.exe
0x00007ff882210000 - 0x00007ff882408000 	C:\WINDOWS\SYSTEM32\ntdll.dll
0x00007ff881460000 - 0x00007ff88151f000 	C:\WINDOWS\System32\KERNEL32.DLL
0x00007ff87fa30000 - 0x00007ff87fd26000 	C:\WINDOWS\System32\KERNELBASE.dll
0x00007ff87fe90000 - 0x00007ff87ff90000 	C:\WINDOWS\System32\ucrtbase.dll
0x00007ff873d20000 - 0x00007ff873d37000 	c:\Users\Luis\.vscode\extensions\redhat.java-1.19.0-win32-x64\jre\17.0.7-win32-x86_64\bin\jli.dll
0x00007ff880480000 - 0x00007ff88061d000 	C:\WINDOWS\System32\USER32.dll
0x00007ff8800d0000 - 0x00007ff8800f2000 	C:\WINDOWS\System32\win32u.dll
0x00007ff880d70000 - 0x00007ff880d9c000 	C:\WINDOWS\System32\GDI32.dll
0x00007ff880100000 - 0x00007ff880215000 	C:\WINDOWS\System32\gdi32full.dll
0x00007ff87f8f0000 - 0x00007ff87f98d000 	C:\WINDOWS\System32\msvcp_win.dll
0x00007ff873d40000 - 0x00007ff873d59000 	c:\Users\Luis\.vscode\extensions\redhat.java-1.19.0-win32-x64\jre\17.0.7-win32-x86_64\bin\VCRUNTIME140.dll
0x00007ff85da60000 - 0x00007ff85dcfa000 	C:\WINDOWS\WinSxS\amd64_microsoft.windows.common-controls_6595b64144ccf1df_6.0.19041.1110_none_60b5254171f9507e\COMCTL32.dll
0x00007ff881210000 - 0x00007ff8812ae000 	C:\WINDOWS\System32\msvcrt.dll
0x00007ff880450000 - 0x00007ff880480000 	C:\WINDOWS\System32\IMM32.DLL
0x00007ff870ce0000 - 0x00007ff870cec000 	c:\Users\Luis\.vscode\extensions\redhat.java-1.19.0-win32-x64\jre\17.0.7-win32-x86_64\bin\vcruntime140_1.dll
0x00007ff84b500000 - 0x00007ff84b591000 	c:\Users\Luis\.vscode\extensions\redhat.java-1.19.0-win32-x64\jre\17.0.7-win32-x86_64\bin\msvcp140.dll
0x00007ff821100000 - 0x00007ff821d48000 	c:\Users\Luis\.vscode\extensions\redhat.java-1.19.0-win32-x64\jre\17.0.7-win32-x86_64\bin\server\jvm.dll
0x00007ff881350000 - 0x00007ff8813ff000 	C:\WINDOWS\System32\ADVAPI32.dll
0x00007ff8812b0000 - 0x00007ff88134c000 	C:\WINDOWS\System32\sechost.dll
0x00007ff881520000 - 0x00007ff881646000 	C:\WINDOWS\System32\RPCRT4.dll
0x00007ff8795e0000 - 0x00007ff8795e9000 	C:\WINDOWS\SYSTEM32\WSOCK32.dll
0x00007ff8816b0000 - 0x00007ff88171b000 	C:\WINDOWS\System32\WS2_32.dll
0x00007ff86c360000 - 0x00007ff86c387000 	C:\WINDOWS\SYSTEM32\WINMM.dll
0x00007ff87a1c0000 - 0x00007ff87a1ca000 	C:\WINDOWS\SYSTEM32\VERSION.dll
0x00007ff87d840000 - 0x00007ff87d852000 	C:\WINDOWS\SYSTEM32\kernel.appcore.dll
0x00007ff86ff20000 - 0x00007ff86ff2a000 	c:\Users\Luis\.vscode\extensions\redhat.java-1.19.0-win32-x64\jre\17.0.7-win32-x86_64\bin\jimage.dll
0x00007ff87d1e0000 - 0x00007ff87d3c4000 	C:\WINDOWS\SYSTEM32\DBGHELP.DLL
0x00007ff8711e0000 - 0x00007ff871214000 	C:\WINDOWS\SYSTEM32\dbgcore.DLL
0x00007ff880040000 - 0x00007ff8800c2000 	C:\WINDOWS\System32\bcryptPrimitives.dll
0x00007ff859d90000 - 0x00007ff859db5000 	c:\Users\Luis\.vscode\extensions\redhat.java-1.19.0-win32-x64\jre\17.0.7-win32-x86_64\bin\java.dll
0x00007ff868e40000 - 0x00007ff868e58000 	c:\Users\Luis\.vscode\extensions\redhat.java-1.19.0-win32-x64\jre\17.0.7-win32-x86_64\bin\zip.dll
0x00007ff880620000 - 0x00007ff880d64000 	C:\WINDOWS\System32\SHELL32.dll
0x00007ff87d9b0000 - 0x00007ff87e143000 	C:\WINDOWS\SYSTEM32\windows.storage.dll
0x00007ff8819b0000 - 0x00007ff881d04000 	C:\WINDOWS\System32\combase.dll
0x00007ff87f350000 - 0x00007ff87f37e000 	C:\WINDOWS\SYSTEM32\Wldp.dll
0x00007ff881ff0000 - 0x00007ff88209d000 	C:\WINDOWS\System32\SHCORE.dll
0x00007ff882170000 - 0x00007ff8821c5000 	C:\WINDOWS\System32\shlwapi.dll
0x00007ff87f830000 - 0x00007ff87f84f000 	C:\WINDOWS\SYSTEM32\profapi.dll
0x00007ff871c00000 - 0x00007ff871c19000 	C:\Users\Luis\.vscode\extensions\redhat.java-1.19.0-win32-x64\jre\17.0.7-win32-x86_64\bin\net.dll
0x00007ff877380000 - 0x00007ff87748a000 	C:\WINDOWS\SYSTEM32\WINHTTP.dll
0x00007ff87f0b0000 - 0x00007ff87f11a000 	C:\WINDOWS\system32\mswsock.dll
0x00007ff871a60000 - 0x00007ff871a75000 	C:\Users\Luis\.vscode\extensions\redhat.java-1.19.0-win32-x64\jre\17.0.7-win32-x86_64\bin\nio.dll
0x00007ff87f2b0000 - 0x00007ff87f2c8000 	C:\WINDOWS\SYSTEM32\CRYPTSP.dll
0x00007ff87e960000 - 0x00007ff87e994000 	C:\WINDOWS\system32\rsaenh.dll
0x00007ff87f990000 - 0x00007ff87f9b7000 	C:\WINDOWS\System32\bcrypt.dll
0x00007ff87f7f0000 - 0x00007ff87f81e000 	C:\WINDOWS\SYSTEM32\USERENV.dll
0x00007ff87f2a0000 - 0x00007ff87f2ac000 	C:\WINDOWS\SYSTEM32\CRYPTBASE.dll
0x00007ff87ed50000 - 0x00007ff87ed8c000 	C:\WINDOWS\SYSTEM32\IPHLPAPI.DLL
0x00007ff881eb0000 - 0x00007ff881eb8000 	C:\WINDOWS\System32\NSI.dll
0x00007ff879070000 - 0x00007ff879087000 	C:\WINDOWS\SYSTEM32\dhcpcsvc6.DLL
0x00007ff879050000 - 0x00007ff87906d000 	C:\WINDOWS\SYSTEM32\dhcpcsvc.DLL
0x00007ff87ed90000 - 0x00007ff87ee5b000 	C:\WINDOWS\SYSTEM32\DNSAPI.dll
0x00007ff867050000 - 0x00007ff867059000 	C:\Users\Luis\.vscode\extensions\redhat.java-1.19.0-win32-x64\jre\17.0.7-win32-x86_64\bin\management.dll
0x00007ff865c70000 - 0x00007ff865c7b000 	C:\Users\Luis\.vscode\extensions\redhat.java-1.19.0-win32-x64\jre\17.0.7-win32-x86_64\bin\management_ext.dll
0x00007ff880270000 - 0x00007ff880278000 	C:\WINDOWS\System32\PSAPI.DLL

dbghelp: loaded successfully - version: 4.0.5 - missing functions: none
symbol engine: initialized successfully - sym options: 0x614 - pdb path: .;c:\Users\Luis\.vscode\extensions\redhat.java-1.19.0-win32-x64\jre\17.0.7-win32-x86_64\bin;C:\WINDOWS\SYSTEM32;C:\WINDOWS\WinSxS\amd64_microsoft.windows.common-controls_6595b64144ccf1df_6.0.19041.1110_none_60b5254171f9507e;c:\Users\Luis\.vscode\extensions\redhat.java-1.19.0-win32-x64\jre\17.0.7-win32-x86_64\bin\server

VM Arguments:
jvm_args: -XX:+HeapDumpOnOutOfMemoryError -Xmx1024m -Dsts.lsp.client=vscode -Dsts.log.file=/dev/null -XX:TieredStopAtLevel=1 -Xlog:jni+resolve=off -Dspring.config.location=file:c:\Users\Luis\.vscode\extensions\vmware.vscode-spring-boot-1.47.0\language-server\BOOT-INF\classes\application.properties 
java_command: org.springframework.ide.vscode.boot.app.BootLanguageServerBootApp
java_class_path (initial): c:\Users\Luis\.vscode\extensions\vmware.vscode-spring-boot-1.47.0\language-server\BOOT-INF\classes;c:\Users\Luis\.vscode\extensions\vmware.vscode-spring-boot-1.47.0\language-server\BOOT-INF\lib\annotations-24.0.1.jar;c:\Users\Luis\.vscode\extensions\vmware.vscode-spring-boot-1.47.0\language-server\BOOT-INF\lib\antlr-runtime-3.5.3.jar;c:\Users\Luis\.vscode\extensions\vmware.vscode-spring-boot-1.47.0\language-server\BOOT-INF\lib\antlr4-4.11.1.jar;c:\Users\Luis\.vscode\extensions\vmware.vscode-spring-boot-1.47.0\language-server\BOOT-INF\lib\antlr4-runtime-4.11.1.jar;c:\Users\Luis\.vscode\extensions\vmware.vscode-spring-boot-1.47.0\language-server\BOOT-INF\lib\aopalliance-1.0.jar;c:\Users\Luis\.vscode\extensions\vmware.vscode-spring-boot-1.47.0\language-server\BOOT-INF\lib\asm-9.5.jar;c:\Users\Luis\.vscode\extensions\vmware.vscode-spring-boot-1.47.0\language-server\BOOT-INF\lib\asm-analysis-9.5.jar;c:\Users\Luis\.vscode\extensions\vmware.vscode-spring-boot-1.47.0\language-server\BOOT-INF\lib\asm-tree-9.5.jar;c:\Users\Luis\.vscode\extensions\vmware.vscode-spring-boot-1.47.0\language-server\BOOT-INF\lib\asm-util-9.5.jar;c:\Users\Luis\.vscode\extensions\vmware.vscode-spring-boot-1.47.0\language-server\BOOT-INF\lib\auto-common-1.2.1.jar;c:\Users\Luis\.vscode\extensions\vmware.vscode-spring-boot-1.47.0\language-server\BOOT-INF\lib\auto-value-annotations-1.9.jar;c:\Users\Luis\.vscode\extensions\vmware.vscode-spring-boot-1.47.0\language-server\BOOT-INF\lib\caffeine-3.1.2.jar;c:\Users\Luis\.vscode\extensions\vmware.vscode-spring-boot-1.47.0\language-server\BOOT-INF\lib\checker-qual-3.12.0.jar;c:\Users\Luis\.vscode\extensions\vmware.vscode-spring-boot-1.47.0\language-server\BOOT-INF\lib\classgraph-4.8.149.jar;c:\Users\Luis\.vscode\extensions\vmware.vscode-spring-boot-1.47.0\language-server\BOOT-INF\lib\commons-codec-1.15.jar;c:\Users\Luis\.vscode\extensions\vmware.vscode-spring-boot-1.47.0\language-server\BOOT-INF\lib\commons-compress-1.23.0.jar;c:\U
Launcher Type: SUN_STANDARD

[Global flags]
     intx CICompilerCount                          = 4                                         {product} {ergonomic}
     uint ConcGCThreads                            = 2                                         {product} {ergonomic}
     uint G1ConcRefinementThreads                  = 8                                         {product} {ergonomic}
   size_t G1HeapRegionSize                         = 1048576                                   {product} {ergonomic}
    uintx GCDrainStackTargetSize                   = 64                                        {product} {ergonomic}
     bool HeapDumpOnOutOfMemoryError               = true                                   {manageable} {command line}
   size_t InitialHeapSize                          = 132120576                                 {product} {ergonomic}
   size_t MarkStackSize                            = 4194304                                   {product} {ergonomic}
   size_t MaxHeapSize                              = 1073741824                                {product} {command line}
   size_t MaxNewSize                               = 643825664                                 {product} {ergonomic}
   size_t MinHeapDeltaBytes                        = 1048576                                   {product} {ergonomic}
   size_t MinHeapSize                              = 8388608                                   {product} {ergonomic}
    uintx NonProfiledCodeHeapSize                  = 0                                      {pd product} {ergonomic}
     bool ProfileInterpreter                       = false                                  {pd product} {command line}
    uintx ProfiledCodeHeapSize                     = 0                                      {pd product} {ergonomic}
   size_t SoftMaxHeapSize                          = 1073741824                             {manageable} {ergonomic}
     intx TieredStopAtLevel                        = 1                                         {product} {command line}
     bool UseCompressedClassPointers               = true                           {product lp64_product} {ergonomic}
     bool UseCompressedOops                        = true                           {product lp64_product} {ergonomic}
     bool UseG1GC                                  = true                                      {product} {ergonomic}
     bool UseLargePagesIndividualAllocation        = false                                  {pd product} {ergonomic}

Logging:
Log output configuration:
 #0: stdout all=warning,jni+resolve=off uptime,level,tags
 #1: stderr all=off uptime,level,tags

Environment Variables:
PATH=C:\Program Files\Common Files\Oracle\Java\javapath;C:\Program Files (x86)\Common Files\Oracle\Java\javapath;C:\Program Files\Eclipse Adoptium\jdk-17.0.6.10-hotspot\bin;C:\WINDOWS\system32;C:\WINDOWS;C:\WINDOWS\System32\Wbem;C:\WINDOWS\System32\WindowsPowerShell\v1.0\;C:\WINDOWS\System32\OpenSSH\;C:\Program Files\nodejs\;C:\xampp\php;C:\ProgramData\ComposerSetup\bin;C:\Program Files\Git\cmd;C:\Program Files (x86)\Microchip\MPLAB C32 Suite\bin;C:\Users\Luis\AppData\Local\Microsoft\WindowsApps;;C:\Users\Luis\AppData\Local\Programs\Microsoft VS Code\bin;C:\Users\Luis\AppData\Roaming\npm;C:\Users\Luis\AppData\Roaming\Composer\vendor\bin
USERNAME=Luis
OS=Windows_NT
PROCESSOR_IDENTIFIER=Intel64 Family 6 Model 142 Stepping 12, GenuineIntel
TMP=C:\Users\Luis\AppData\Local\Temp
TEMP=C:\Users\Luis\AppData\Local\Temp



---------------  S Y S T E M  ---------------

OS:
 Windows 10 , 64 bit Build 19041 (10.0.19041.2913)
OS uptime: 36 days 15:26 hours

CPU: total 8 (initial active 8) (4 cores per cpu, 2 threads per core) family 6 model 142 stepping 12 microcode 0xd6, cx8, cmov, fxsr, ht, mmx, 3dnowpref, sse, sse2, sse3, ssse3, sse4.1, sse4.2, popcnt, lzcnt, tsc, tscinvbit, avx, avx2, aes, erms, clmul, bmi1, bmi2, adx, fma, vzeroupper, clflush, clflushopt

Memory: 4k page, system-wide physical 7995M (179M free)
TotalPageFile size 32571M (AvailPageFile size 95M)
current process WorkingSet (physical memory assigned to process): 37M, peak: 138M
current process commit charge ("private bytes"): 187M, peak: 230M

vm_info: OpenJDK 64-Bit Server VM (17.0.7+7) for windows-amd64 JRE (17.0.7+7), built on Apr 18 2023 22:10:42 by "temurin" with MS VC++ 16.7 (VS2019)

END.
